<?xml version="1.0" encoding="UTF-8"?>
<testsuite xmlns:xsi="http://www.w3.org/2001/XMLSchema-instance" xsi:noNamespaceSchemaLocation="https://maven.apache.org/surefire/maven-surefire-plugin/xsd/surefire-test-report.xsd" version="3.0.2" name="rescueAnimal.DogTest" time="0.063" tests="3" errors="0" skipped="0" failures="0">
  <properties>
    <property name="java.specification.version" value="22"/>
    <property name="sun.cpu.isalist" value="amd64"/>
    <property name="sun.jnu.encoding" value="Cp1252"/>
    <property name="java.class.path" value="C:\Users\mathy\OneDrive\Documents\GitHubRepositories\portfolio\Java Program Enhancements\rescue_animal_v4.0\target\test-classes;C:\Users\mathy\OneDrive\Documents\GitHubRepositories\portfolio\Java Program Enhancements\rescue_animal_v4.0\target\classes;C:\Users\mathy\.m2\repository\org\junit\jupiter\junit-jupiter\5.11.3\junit-jupiter-5.11.3.jar;C:\Users\mathy\.m2\repository\org\junit\jupiter\junit-jupiter-api\5.11.3\junit-jupiter-api-5.11.3.jar;C:\Users\mathy\.m2\repository\org\opentest4j\opentest4j\1.3.0\opentest4j-1.3.0.jar;C:\Users\mathy\.m2\repository\org\junit\platform\junit-platform-commons\1.11.3\junit-platform-commons-1.11.3.jar;C:\Users\mathy\.m2\repository\org\apiguardian\apiguardian-api\1.1.2\apiguardian-api-1.1.2.jar;C:\Users\mathy\.m2\repository\org\junit\jupiter\junit-jupiter-params\5.11.3\junit-jupiter-params-5.11.3.jar;C:\Users\mathy\.m2\repository\org\junit\jupiter\junit-jupiter-engine\5.11.3\junit-jupiter-engine-5.11.3.jar;C:\Users\mathy\.m2\repository\org\junit\platform\junit-platform-engine\1.11.3\junit-platform-engine-1.11.3.jar;C:\Users\mathy\.m2\repository\org\mapdb\mapdb\3.1.0\mapdb-3.1.0.jar;C:\Users\mathy\.m2\repository\org\jetbrains\kotlin\kotlin-stdlib\1.9.255-SNAPSHOT\kotlin-stdlib-1.9.255-SNAPSHOT.jar;C:\Users\mathy\.m2\repository\org\jetbrains\annotations\13.0\annotations-13.0.jar;C:\Users\mathy\.m2\repository\org\eclipse\collections\eclipse-collections-api\10.4.0\eclipse-collections-api-10.4.0.jar;C:\Users\mathy\.m2\repository\org\eclipse\collections\eclipse-collections\10.4.0\eclipse-collections-10.4.0.jar;C:\Users\mathy\.m2\repository\org\eclipse\collections\eclipse-collections-forkjoin\10.4.0\eclipse-collections-forkjoin-10.4.0.jar;C:\Users\mathy\.m2\repository\com\google\guava\guava\33.3.1-jre\guava-33.3.1-jre.jar;C:\Users\mathy\.m2\repository\com\google\guava\failureaccess\1.0.2\failureaccess-1.0.2.jar;C:\Users\mathy\.m2\repository\com\google\guava\listenablefuture\9999.0-empty-to-avoid-conflict-with-guava\listenablefuture-9999.0-empty-to-avoid-conflict-with-guava.jar;C:\Users\mathy\.m2\repository\com\google\code\findbugs\jsr305\3.0.2\jsr305-3.0.2.jar;C:\Users\mathy\.m2\repository\org\checkerframework\checker-qual\3.43.0\checker-qual-3.43.0.jar;C:\Users\mathy\.m2\repository\com\google\errorprone\error_prone_annotations\2.28.0\error_prone_annotations-2.28.0.jar;C:\Users\mathy\.m2\repository\com\google\j2objc\j2objc-annotations\3.0.0\j2objc-annotations-3.0.0.jar;C:\Users\mathy\.m2\repository\net\jpountz\lz4\lz4\1.3.0\lz4-1.3.0.jar;C:\Users\mathy\.m2\repository\org\mapdb\elsa\3.0.0-M5\elsa-3.0.0-M5.jar;"/>
    <property name="java.vm.vendor" value="Oracle Corporation"/>
    <property name="sun.arch.data.model" value="64"/>
    <property name="user.variant" value=""/>
    <property name="java.vendor.url" value="https://java.oracle.com/"/>
    <property name="user.timezone" value="America/Chicago"/>
    <property name="os.name" value="Windows 11"/>
    <property name="java.vm.specification.version" value="22"/>
    <property name="sun.java.launcher" value="SUN_STANDARD"/>
    <property name="user.country" value="US"/>
    <property name="sun.boot.library.path" value="C:\Program Files\Java\jdk-22\bin"/>
    <property name="sun.java.command" value="C:\Users\mathy\AppData\Local\Temp\surefire3504150350122045368\surefirebooter-20241206165917951_3.jar C:\Users\mathy\AppData\Local\Temp\surefire3504150350122045368 2024-12-06T16-59-17_752-jvmRun1 surefire-20241206165917951_1tmp surefire_0-20241206165917951_2tmp"/>
    <property name="jdk.debug" value="release"/>
    <property name="surefire.test.class.path" value="C:\Users\mathy\OneDrive\Documents\GitHubRepositories\portfolio\Java Program Enhancements\rescue_animal_v4.0\target\test-classes;C:\Users\mathy\OneDrive\Documents\GitHubRepositories\portfolio\Java Program Enhancements\rescue_animal_v4.0\target\classes;C:\Users\mathy\.m2\repository\org\junit\jupiter\junit-jupiter\5.11.3\junit-jupiter-5.11.3.jar;C:\Users\mathy\.m2\repository\org\junit\jupiter\junit-jupiter-api\5.11.3\junit-jupiter-api-5.11.3.jar;C:\Users\mathy\.m2\repository\org\opentest4j\opentest4j\1.3.0\opentest4j-1.3.0.jar;C:\Users\mathy\.m2\repository\org\junit\platform\junit-platform-commons\1.11.3\junit-platform-commons-1.11.3.jar;C:\Users\mathy\.m2\repository\org\apiguardian\apiguardian-api\1.1.2\apiguardian-api-1.1.2.jar;C:\Users\mathy\.m2\repository\org\junit\jupiter\junit-jupiter-params\5.11.3\junit-jupiter-params-5.11.3.jar;C:\Users\mathy\.m2\repository\org\junit\jupiter\junit-jupiter-engine\5.11.3\junit-jupiter-engine-5.11.3.jar;C:\Users\mathy\.m2\repository\org\junit\platform\junit-platform-engine\1.11.3\junit-platform-engine-1.11.3.jar;C:\Users\mathy\.m2\repository\org\mapdb\mapdb\3.1.0\mapdb-3.1.0.jar;C:\Users\mathy\.m2\repository\org\jetbrains\kotlin\kotlin-stdlib\1.9.255-SNAPSHOT\kotlin-stdlib-1.9.255-SNAPSHOT.jar;C:\Users\mathy\.m2\repository\org\jetbrains\annotations\13.0\annotations-13.0.jar;C:\Users\mathy\.m2\repository\org\eclipse\collections\eclipse-collections-api\10.4.0\eclipse-collections-api-10.4.0.jar;C:\Users\mathy\.m2\repository\org\eclipse\collections\eclipse-collections\10.4.0\eclipse-collections-10.4.0.jar;C:\Users\mathy\.m2\repository\org\eclipse\collections\eclipse-collections-forkjoin\10.4.0\eclipse-collections-forkjoin-10.4.0.jar;C:\Users\mathy\.m2\repository\com\google\guava\guava\33.3.1-jre\guava-33.3.1-jre.jar;C:\Users\mathy\.m2\repository\com\google\guava\failureaccess\1.0.2\failureaccess-1.0.2.jar;C:\Users\mathy\.m2\repository\com\google\guava\listenablefuture\9999.0-empty-to-avoid-conflict-with-guava\listenablefuture-9999.0-empty-to-avoid-conflict-with-guava.jar;C:\Users\mathy\.m2\repository\com\google\code\findbugs\jsr305\3.0.2\jsr305-3.0.2.jar;C:\Users\mathy\.m2\repository\org\checkerframework\checker-qual\3.43.0\checker-qual-3.43.0.jar;C:\Users\mathy\.m2\repository\com\google\errorprone\error_prone_annotations\2.28.0\error_prone_annotations-2.28.0.jar;C:\Users\mathy\.m2\repository\com\google\j2objc\j2objc-annotations\3.0.0\j2objc-annotations-3.0.0.jar;C:\Users\mathy\.m2\repository\net\jpountz\lz4\lz4\1.3.0\lz4-1.3.0.jar;C:\Users\mathy\.m2\repository\org\mapdb\elsa\3.0.0-M5\elsa-3.0.0-M5.jar;"/>
    <property name="sun.cpu.endian" value="little"/>
    <property name="user.home" value="C:\Users\mathy"/>
    <property name="user.language" value="en"/>
    <property name="java.specification.vendor" value="Oracle Corporation"/>
    <property name="java.version.date" value="2024-04-16"/>
    <property name="java.home" value="C:\Program Files\Java\jdk-22"/>
    <property name="file.separator" value="\"/>
    <property name="basedir" value="C:\Users\mathy\OneDrive\Documents\GitHubRepositories\portfolio\Java Program Enhancements\rescue_animal_v4.0"/>
    <property name="java.vm.compressedOopsMode" value="Zero based"/>
    <property name="line.separator" value="&#10;"/>
    <property name="java.vm.specification.vendor" value="Oracle Corporation"/>
    <property name="java.specification.name" value="Java Platform API Specification"/>
    <property name="surefire.real.class.path" value="C:\Users\mathy\AppData\Local\Temp\surefire3504150350122045368\surefirebooter-20241206165917951_3.jar"/>
    <property name="user.script" value=""/>
    <property name="sun.management.compiler" value="HotSpot 64-Bit Tiered Compilers"/>
    <property name="java.runtime.version" value="22.0.1+8-16"/>
    <property name="user.name" value="mathy"/>
    <property name="stdout.encoding" value="Cp1252"/>
    <property name="path.separator" value=";"/>
    <property name="os.version" value="10.0"/>
    <property name="java.runtime.name" value="Java(TM) SE Runtime Environment"/>
    <property name="file.encoding" value="UTF-8"/>
    <property name="java.vm.name" value="Java HotSpot(TM) 64-Bit Server VM"/>
    <property name="localRepository" value="C:\Users\mathy\.m2\repository"/>
    <property name="java.vendor.url.bug" value="https://bugreport.java.com/bugreport/"/>
    <property name="java.io.tmpdir" value="C:\Users\mathy\AppData\Local\Temp\"/>
    <property name="java.version" value="22.0.1"/>
    <property name="user.dir" value="C:\Users\mathy\OneDrive\Documents\GitHubRepositories\portfolio\Java Program Enhancements\rescue_animal_v4.0"/>
    <property name="os.arch" value="amd64"/>
    <property name="java.vm.specification.name" value="Java Virtual Machine Specification"/>
    <property name="sun.os.patch.level" value=""/>
    <property name="native.encoding" value="Cp1252"/>
    <property name="java.library.path" value="C:\Program Files\Java\jdk-22\bin;C:\WINDOWS\Sun\Java\bin;C:\WINDOWS\system32;C:\WINDOWS;C:\Users\mathy\.nvm;C:\Users\mathy\AppData\Roaming\npm;C:\Program Files\Java\jdk-22\bin;C:\Program Files\Microsoft\jdk-11.0.23.9-hotspot\bin;C:\Program Files\Common Files\Oracle\Java\javapath;C:\Program Files (x86)\Common Files\Oracle\Java\java8path;C:\Program Files (x86)\Common Files\Oracle\Java\javapath;C:\Windows\System32;C:\Windows;C:\Windows\System32\wbem;C:\Windows\System32\WindowsPowerShell\v1.0\;C:\Windows\System32\OpenSSH\;C:\Program Files\dotnet\;C:\Program Files\apache-maven-3.9.2\bin;C:\Program Files\apache-maven-3.9.2;C:\Program Files (x86)\GnuPG;C:\ProgramData\chocolatey\bin;C:\Program Files\MATLAB\R2023b\bin;C:\Program Files\Git\cmd;C:\Program Files\Docker\Docker\resources\bin;C:\Program Files (x86)\Windows Kits\10\Windows Performance Toolkit\;C:\Program Files\CMake\bin;C:\Program Files (x86)\GnuPG\bin;C:\platform-tools;C:\Users\mathy\AppData\Roaming\nvm;C:\Program Files\nodejs;C:\Users\mathy\AppData\Roaming\nvm;C:\Users\mathy\AppData\Roaming\nvm\v10.23.0;C:\ffmpeg-2024-08-07\bin;C:\Program Files\PowerShell\7\;C:\Program Files\Java\jdk-22\bin;C:\Users\mathy\AppData\Local\Microsoft\WindowsApps;C:\Users\mathy\AppData\Local\GitHubDesktop\bin;C:\Users\mathy\AppData\Local\Programs\Microsoft VS Code\bin;C:\MinGW\bin;C:\apache-maven-3.9.4-bin\apache-maven-3.9.4\bin;C:\Program Files\Java\jdk-21\bin;C:\Program Files\JetBrains\PyCharm 2023.3.4\bin;;C:\Program Files\JetBrains\PyCharm Community Edition 2023.3.4\bin;;C:\Users\mathy\AppData\Local\Programs\mongosh\;C:\Program Files\MongoDB\Server\7.0\bin;C:\Program Files\heroku\bin;C:\git-filter-repo-main;C:\platform-tools;C:\Users\mathy\AppData\Roaming\nvm;C:\Program Files\nodejs;C:\apache-maven\bin;;C:\Program Files\JetBrains\IntelliJ IDEA Community Edition 2024.2.4\bin;;."/>
    <property name="java.vm.info" value="mixed mode, sharing"/>
    <property name="stderr.encoding" value="Cp1252"/>
    <property name="java.vendor" value="Oracle Corporation"/>
    <property name="java.vm.version" value="22.0.1+8-16"/>
    <property name="sun.io.unicode.encoding" value="UnicodeLittle"/>
    <property name="java.class.version" value="66.0"/>
  </properties>
  <testcase name="testDogGetters" classname="rescueAnimal.DogTest" time="0.032"/>
  <testcase name="testParameterizedConstructor" classname="rescueAnimal.DogTest" time="0.001"/>
  <testcase name="testDefaultConstructor" classname="rescueAnimal.DogTest" time="0.001"/>
</testsuite>